# JRE version: OpenJDK Runtime Environment (8.0_242-b01) (build 1.8.0_242-release-1644-b01)
# Java VM: OpenJDK 64-Bit Server VM (25.242-b01 mixed mode windows-amd64 compressed oops)
Heap:
 PSYoungGen      total 37888K, used 23012K [0x00000000d6580000, 0x00000000d9000000, 0x0000000100000000)
  eden space 32768K, 58% used [0x00000000d6580000,0x00000000d7851f40,0x00000000d8580000)
  from space 5120K, 73% used [0x00000000d8a80000,0x00000000d8e27248,0x00000000d8f80000)
  to   space 5120K, 0% used [0x00000000d8580000,0x00000000d8580000,0x00000000d8a80000)
 ParOldGen       total 66560K, used 810K [0x0000000083000000, 0x0000000087100000, 0x00000000d6580000)
  object space 66560K, 1% used [0x0000000083000000,0x00000000830ca930,0x0000000087100000)
 Metaspace       used 13386K, capacity 13682K, committed 13824K, reserved 1060864K
  class space    used 1601K, capacity 1720K, committed 1792K, reserved 1048576K
GC Heap History (6 events):
Event: 0.291 GC heap before
{Heap before GC invocations=1 (full 0):
 PSYoungGen      total 37888K, used 3941K [0x00000000d6580000, 0x00000000d8f80000, 0x0000000100000000)
  eden space 32768K, 12% used [0x00000000d6580000,0x00000000d6959598,0x00000000d8580000)
  from space 5120K, 0% used [0x00000000d8a80000,0x00000000d8a80000,0x00000000d8f80000)
  to   space 5120K, 0% used [0x00000000d8580000,0x00000000d8580000,0x00000000d8a80000)
 ParOldGen       total 86016K, used 0K [0x0000000083000000, 0x0000000088400000, 0x00000000d6580000)
  object space 86016K, 0% used [0x0000000083000000,0x0000000083000000,0x0000000088400000)
 Metaspace       used 4091K, capacity 4812K, committed 4864K, reserved 1056768K
  class space    used 438K, capacity 502K, committed 512K, reserved 1048576K
Event: 0.293 GC heap after
Heap after GC invocations=1 (full 0):
 PSYoungGen      total 37888K, used 928K [0x00000000d6580000, 0x00000000d8f80000, 0x0000000100000000)
  eden space 32768K, 0% used [0x00000000d6580000,0x00000000d6580000,0x00000000d8580000)
  from space 5120K, 18% used [0x00000000d8580000,0x00000000d8668000,0x00000000d8a80000)
  to   space 5120K, 0% used [0x00000000d8a80000,0x00000000d8a80000,0x00000000d8f80000)
 ParOldGen       total 86016K, used 8K [0x0000000083000000, 0x0000000088400000, 0x00000000d6580000)
  object space 86016K, 0% used [0x0000000083000000,0x0000000083002000,0x0000000088400000)
 Metaspace       used 4091K, capacity 4812K, committed 4864K, reserved 1056768K
  class space    used 438K, capacity 502K, committed 512K, reserved 1048576K
}
Event: 0.293 GC heap before
{Heap before GC invocations=2 (full 1):
 PSYoungGen      total 37888K, used 928K [0x00000000d6580000, 0x00000000d8f80000, 0x0000000100000000)
  eden space 32768K, 0% used [0x00000000d6580000,0x00000000d6580000,0x00000000d8580000)
  from space 5120K, 18% used [0x00000000d8580000,0x00000000d8668000,0x00000000d8a80000)
  to   space 5120K, 0% used [0x00000000d8a80000,0x00000000d8a80000,0x00000000d8f80000)
 ParOldGen       total 86016K, used 8K [0x0000000083000000, 0x0000000088400000, 0x00000000d6580000)
  object space 86016K, 0% used [0x0000000083000000,0x0000000083002000,0x0000000088400000)
 Metaspace       used 4091K, capacity 4812K, committed 4864K, reserved 1056768K
  class space    used 438K, capacity 502K, committed 512K, reserved 1048576K
Event: 0.422 GC heap after
Heap after GC invocations=2 (full 1):
 PSYoungGen      total 37888K, used 0K [0x00000000d6580000, 0x00000000d8f80000, 0x0000000100000000)
  eden space 32768K, 0% used [0x00000000d6580000,0x00000000d6580000,0x00000000d8580000)
  from space 5120K, 0% used [0x00000000d8580000,0x00000000d8580000,0x00000000d8a80000)
  to   space 5120K, 0% used [0x00000000d8a80000,0x00000000d8a80000,0x00000000d8f80000)
 ParOldGen       total 66560K, used 738K [0x0000000083000000, 0x0000000087100000, 0x00000000d6580000)
  object space 66560K, 1% used [0x0000000083000000,0x00000000830b8920,0x0000000087100000)
 Metaspace       used 4091K, capacity 4812K, committed 4864K, reserved 1056768K
  class space    used 438K, capacity 502K, committed 512K, reserved 1048576K
}
Event: 1.906 GC heap before
{Heap before GC invocations=3 (full 1):
 PSYoungGen      total 37888K, used 32768K [0x00000000d6580000, 0x00000000d8f80000, 0x0000000100000000)
  eden space 32768K, 100% used [0x00000000d6580000,0x00000000d8580000,0x00000000d8580000)
  from space 5120K, 0% used [0x00000000d8580000,0x00000000d8580000,0x00000000d8a80000)
  to   space 5120K, 0% used [0x00000000d8a80000,0x00000000d8a80000,0x00000000d8f80000)
 ParOldGen       total 66560K, used 738K [0x0000000083000000, 0x0000000087100000, 0x00000000d6580000)
  object space 66560K, 1% used [0x0000000083000000,0x00000000830b8920,0x0000000087100000)
 Metaspace       used 13084K, capacity 13342K, committed 13440K, reserved 1060864K
  class space    used 1566K, capacity 1651K, committed 1664K, reserved 1048576K
Event: 1.910 GC heap after
Heap after GC invocations=3 (full 1):
 PSYoungGen      total 37888K, used 3740K [0x00000000d6580000, 0x00000000d9000000, 0x0000000100000000)
  eden space 32768K, 0% used [0x00000000d6580000,0x00000000d6580000,0x00000000d8580000)
  from space 5120K, 73% used [0x00000000d8a80000,0x00000000d8e27248,0x00000000d8f80000)
  to   space 5120K, 0% used [0x00000000d8580000,0x00000000d8580000,0x00000000d8a80000)
 ParOldGen       total 66560K, used 810K [0x0000000083000000, 0x0000000087100000, 0x00000000d6580000)
  object space 66560K, 1% used [0x0000000083000000,0x00000000830ca930,0x0000000087100000)
 Metaspace       used 13084K, capacity 13342K, committed 13440K, reserved 1060864K
  class space    used 1566K, capacity 1651K, committed 1664K, reserved 1048576K
}

